<?xml version="1.0" encoding="UTF-8"?>
<robot generator="Robot 4.1.3 (Python 3.7.4 on win32)" generated="20220317 21:28:41.968" rpa="false" schemaversion="2">
<suite id="s1" name="TC002" source="D:\Downloads\WorkSpace\TestCase\TC002.robot">
<test id="s1-t1" name="TC001">
<kw name="Open Browser" library="SeleniumLibrary">
<arg>${var1}</arg>
<arg>chrome</arg>
<doc>Opens a new browser instance to the optional ``url``.</doc>
<msg timestamp="20220317 21:28:42.513" level="INFO">Opening browser 'chrome' to base url 'https://www.thetestingworld.com/'.</msg>
<status status="PASS" starttime="20220317 21:28:42.513" endtime="20220317 21:29:20.173"/>
</kw>
<kw name="Maximize Browser Window" library="SeleniumLibrary">
<doc>Maximizes current browser window.</doc>
<status status="PASS" starttime="20220317 21:29:20.174" endtime="20220317 21:29:20.341"/>
</kw>
<kw name="Fetch Rows Num" library="R001">
<var>${row}</var>
<arg>Sheet1</arg>
<kw name="Fetch Rows" library="ReadData">
<var>${rep}</var>
<arg>${sheetname}</arg>
<msg timestamp="20220317 21:29:20.352" level="INFO">${rep} = 4</msg>
<status status="PASS" starttime="20220317 21:29:20.347" endtime="20220317 21:29:20.352"/>
</kw>
<msg timestamp="20220317 21:29:20.353" level="INFO">${row} = 4</msg>
<status status="PASS" starttime="20220317 21:29:20.345" endtime="20220317 21:29:20.353"/>
</kw>
<for flavor="IN RANGE">
<var>${i}</var>
<value>1</value>
<value>${row}+1</value>
<iter>
<var name="${i}">1</var>
<kw name="Fetch Cell Value" library="R001">
<var>${username}</var>
<arg>Sheet1</arg>
<arg>${i}</arg>
<arg>1</arg>
<kw name="Fetch Cell Data" library="ReadData">
<var>${rep}</var>
<arg>${sheetname}</arg>
<arg>${row}</arg>
<arg>${col}</arg>
<msg timestamp="20220317 21:29:20.361" level="INFO">${rep} = user1</msg>
<status status="PASS" starttime="20220317 21:29:20.358" endtime="20220317 21:29:20.361"/>
</kw>
<msg timestamp="20220317 21:29:20.362" level="INFO">${username} = user1</msg>
<status status="PASS" starttime="20220317 21:29:20.355" endtime="20220317 21:29:20.362"/>
</kw>
<kw name="Fetch Cell Value" library="R001">
<var>${password}</var>
<arg>Sheet1</arg>
<arg>${i}</arg>
<arg>2</arg>
<kw name="Fetch Cell Data" library="ReadData">
<var>${rep}</var>
<arg>${sheetname}</arg>
<arg>${row}</arg>
<arg>${col}</arg>
<msg timestamp="20220317 21:29:20.367" level="INFO">${rep} = pass1</msg>
<status status="PASS" starttime="20220317 21:29:20.365" endtime="20220317 21:29:20.368"/>
</kw>
<msg timestamp="20220317 21:29:20.368" level="INFO">${password} = pass1</msg>
<status status="PASS" starttime="20220317 21:29:20.363" endtime="20220317 21:29:20.368"/>
</kw>
<kw name="Click Element" library="SeleniumLibrary">
<arg>xpath://a[contains(text(),"Login")]</arg>
<doc>Click the element identified by ``locator``.</doc>
<msg timestamp="20220317 21:29:20.369" level="INFO">Clicking element 'xpath://a[contains(text(),"Login")]'.</msg>
<status status="PASS" starttime="20220317 21:29:20.368" endtime="20220317 21:29:39.583"/>
</kw>
<kw name="Input Text" library="SeleniumLibrary">
<arg>id:username</arg>
<arg>${username}</arg>
<doc>Types the given ``text`` into the text field identified by ``locator``.</doc>
<msg timestamp="20220317 21:29:39.583" level="INFO">Typing text 'user1' into text field 'id:username'.</msg>
<status status="PASS" starttime="20220317 21:29:39.583" endtime="20220317 21:29:39.789"/>
</kw>
<kw name="Input Text" library="SeleniumLibrary">
<arg>id:password</arg>
<arg>${password}</arg>
<doc>Types the given ``text`` into the text field identified by ``locator``.</doc>
<msg timestamp="20220317 21:29:39.790" level="INFO">Typing text 'pass1' into text field 'id:password'.</msg>
<status status="PASS" starttime="20220317 21:29:39.790" endtime="20220317 21:29:39.914"/>
</kw>
<kw name="Click Button" library="SeleniumLibrary">
<arg>xpath://button[@type="submit"]</arg>
<doc>Clicks the button identified by ``locator``.</doc>
<msg timestamp="20220317 21:29:39.914" level="INFO">Clicking button 'xpath://button[@type="submit"]'.</msg>
<status status="PASS" starttime="20220317 21:29:39.914" endtime="20220317 21:29:41.325"/>
</kw>
<kw name="Sleep" library="BuiltIn">
<arg>5 seconds</arg>
<doc>Pauses the test executed for the given time.</doc>
<msg timestamp="20220317 21:29:46.340" level="INFO">Slept 5 seconds</msg>
<status status="PASS" starttime="20220317 21:29:41.326" endtime="20220317 21:29:46.340"/>
</kw>
<status status="PASS" starttime="20220317 21:29:20.354" endtime="20220317 21:29:46.340"/>
</iter>
<iter>
<var name="${i}">2</var>
<kw name="Fetch Cell Value" library="R001">
<var>${username}</var>
<arg>Sheet1</arg>
<arg>${i}</arg>
<arg>1</arg>
<kw name="Fetch Cell Data" library="ReadData">
<var>${rep}</var>
<arg>${sheetname}</arg>
<arg>${row}</arg>
<arg>${col}</arg>
<msg timestamp="20220317 21:29:46.342" level="INFO">${rep} = user2</msg>
<status status="PASS" starttime="20220317 21:29:46.341" endtime="20220317 21:29:46.342"/>
</kw>
<msg timestamp="20220317 21:29:46.343" level="INFO">${username} = user2</msg>
<status status="PASS" starttime="20220317 21:29:46.341" endtime="20220317 21:29:46.343"/>
</kw>
<kw name="Fetch Cell Value" library="R001">
<var>${password}</var>
<arg>Sheet1</arg>
<arg>${i}</arg>
<arg>2</arg>
<kw name="Fetch Cell Data" library="ReadData">
<var>${rep}</var>
<arg>${sheetname}</arg>
<arg>${row}</arg>
<arg>${col}</arg>
<msg timestamp="20220317 21:29:46.344" level="INFO">${rep} = pass2</msg>
<status status="PASS" starttime="20220317 21:29:46.344" endtime="20220317 21:29:46.344"/>
</kw>
<msg timestamp="20220317 21:29:46.345" level="INFO">${password} = pass2</msg>
<status status="PASS" starttime="20220317 21:29:46.343" endtime="20220317 21:29:46.345"/>
</kw>
<kw name="Click Element" library="SeleniumLibrary">
<arg>xpath://a[contains(text(),"Login")]</arg>
<doc>Click the element identified by ``locator``.</doc>
<msg timestamp="20220317 21:29:46.345" level="INFO">Clicking element 'xpath://a[contains(text(),"Login")]'.</msg>
<status status="PASS" starttime="20220317 21:29:46.345" endtime="20220317 21:29:47.234"/>
</kw>
<kw name="Input Text" library="SeleniumLibrary">
<arg>id:username</arg>
<arg>${username}</arg>
<doc>Types the given ``text`` into the text field identified by ``locator``.</doc>
<msg timestamp="20220317 21:29:47.235" level="INFO">Typing text 'user2' into text field 'id:username'.</msg>
<status status="PASS" starttime="20220317 21:29:47.235" endtime="20220317 21:29:47.363"/>
</kw>
<kw name="Input Text" library="SeleniumLibrary">
<arg>id:password</arg>
<arg>${password}</arg>
<doc>Types the given ``text`` into the text field identified by ``locator``.</doc>
<msg timestamp="20220317 21:29:47.364" level="INFO">Typing text 'pass2' into text field 'id:password'.</msg>
<status status="PASS" starttime="20220317 21:29:47.363" endtime="20220317 21:29:47.484"/>
</kw>
<kw name="Click Button" library="SeleniumLibrary">
<arg>xpath://button[@type="submit"]</arg>
<doc>Clicks the button identified by ``locator``.</doc>
<msg timestamp="20220317 21:29:47.485" level="INFO">Clicking button 'xpath://button[@type="submit"]'.</msg>
<status status="PASS" starttime="20220317 21:29:47.484" endtime="20220317 21:29:49.076"/>
</kw>
<kw name="Sleep" library="BuiltIn">
<arg>5 seconds</arg>
<doc>Pauses the test executed for the given time.</doc>
<msg timestamp="20220317 21:29:54.087" level="INFO">Slept 5 seconds</msg>
<status status="PASS" starttime="20220317 21:29:49.076" endtime="20220317 21:29:54.087"/>
</kw>
<status status="PASS" starttime="20220317 21:29:46.340" endtime="20220317 21:29:54.087"/>
</iter>
<iter>
<var name="${i}">3</var>
<kw name="Fetch Cell Value" library="R001">
<var>${username}</var>
<arg>Sheet1</arg>
<arg>${i}</arg>
<arg>1</arg>
<kw name="Fetch Cell Data" library="ReadData">
<var>${rep}</var>
<arg>${sheetname}</arg>
<arg>${row}</arg>
<arg>${col}</arg>
<msg timestamp="20220317 21:29:54.089" level="INFO">${rep} = user3</msg>
<status status="PASS" starttime="20220317 21:29:54.089" endtime="20220317 21:29:54.089"/>
</kw>
<msg timestamp="20220317 21:29:54.090" level="INFO">${username} = user3</msg>
<status status="PASS" starttime="20220317 21:29:54.088" endtime="20220317 21:29:54.090"/>
</kw>
<kw name="Fetch Cell Value" library="R001">
<var>${password}</var>
<arg>Sheet1</arg>
<arg>${i}</arg>
<arg>2</arg>
<kw name="Fetch Cell Data" library="ReadData">
<var>${rep}</var>
<arg>${sheetname}</arg>
<arg>${row}</arg>
<arg>${col}</arg>
<msg timestamp="20220317 21:29:54.092" level="INFO">${rep} = pass3</msg>
<status status="PASS" starttime="20220317 21:29:54.091" endtime="20220317 21:29:54.092"/>
</kw>
<msg timestamp="20220317 21:29:54.092" level="INFO">${password} = pass3</msg>
<status status="PASS" starttime="20220317 21:29:54.090" endtime="20220317 21:29:54.092"/>
</kw>
<kw name="Click Element" library="SeleniumLibrary">
<arg>xpath://a[contains(text(),"Login")]</arg>
<doc>Click the element identified by ``locator``.</doc>
<msg timestamp="20220317 21:29:54.093" level="INFO">Clicking element 'xpath://a[contains(text(),"Login")]'.</msg>
<status status="PASS" starttime="20220317 21:29:54.092" endtime="20220317 21:29:54.882"/>
</kw>
<kw name="Input Text" library="SeleniumLibrary">
<arg>id:username</arg>
<arg>${username}</arg>
<doc>Types the given ``text`` into the text field identified by ``locator``.</doc>
<msg timestamp="20220317 21:29:54.885" level="INFO">Typing text 'user3' into text field 'id:username'.</msg>
<status status="PASS" starttime="20220317 21:29:54.883" endtime="20220317 21:29:55.031"/>
</kw>
<kw name="Input Text" library="SeleniumLibrary">
<arg>id:password</arg>
<arg>${password}</arg>
<doc>Types the given ``text`` into the text field identified by ``locator``.</doc>
<msg timestamp="20220317 21:29:55.032" level="INFO">Typing text 'pass3' into text field 'id:password'.</msg>
<status status="PASS" starttime="20220317 21:29:55.031" endtime="20220317 21:29:55.153"/>
</kw>
<kw name="Click Button" library="SeleniumLibrary">
<arg>xpath://button[@type="submit"]</arg>
<doc>Clicks the button identified by ``locator``.</doc>
<msg timestamp="20220317 21:29:55.154" level="INFO">Clicking button 'xpath://button[@type="submit"]'.</msg>
<status status="PASS" starttime="20220317 21:29:55.153" endtime="20220317 21:29:56.573"/>
</kw>
<kw name="Sleep" library="BuiltIn">
<arg>5 seconds</arg>
<doc>Pauses the test executed for the given time.</doc>
<msg timestamp="20220317 21:30:01.581" level="INFO">Slept 5 seconds</msg>
<status status="PASS" starttime="20220317 21:29:56.574" endtime="20220317 21:30:01.581"/>
</kw>
<status status="PASS" starttime="20220317 21:29:54.087" endtime="20220317 21:30:01.581"/>
</iter>
<iter>
<var name="${i}">4</var>
<kw name="Fetch Cell Value" library="R001">
<var>${username}</var>
<arg>Sheet1</arg>
<arg>${i}</arg>
<arg>1</arg>
<kw name="Fetch Cell Data" library="ReadData">
<var>${rep}</var>
<arg>${sheetname}</arg>
<arg>${row}</arg>
<arg>${col}</arg>
<msg timestamp="20220317 21:30:01.583" level="INFO">${rep} = user4</msg>
<status status="PASS" starttime="20220317 21:30:01.583" endtime="20220317 21:30:01.583"/>
</kw>
<msg timestamp="20220317 21:30:01.584" level="INFO">${username} = user4</msg>
<status status="PASS" starttime="20220317 21:30:01.582" endtime="20220317 21:30:01.584"/>
</kw>
<kw name="Fetch Cell Value" library="R001">
<var>${password}</var>
<arg>Sheet1</arg>
<arg>${i}</arg>
<arg>2</arg>
<kw name="Fetch Cell Data" library="ReadData">
<var>${rep}</var>
<arg>${sheetname}</arg>
<arg>${row}</arg>
<arg>${col}</arg>
<msg timestamp="20220317 21:30:01.586" level="INFO">${rep} = pass4</msg>
<status status="PASS" starttime="20220317 21:30:01.585" endtime="20220317 21:30:01.586"/>
</kw>
<msg timestamp="20220317 21:30:01.586" level="INFO">${password} = pass4</msg>
<status status="PASS" starttime="20220317 21:30:01.584" endtime="20220317 21:30:01.586"/>
</kw>
<kw name="Click Element" library="SeleniumLibrary">
<arg>xpath://a[contains(text(),"Login")]</arg>
<doc>Click the element identified by ``locator``.</doc>
<msg timestamp="20220317 21:30:01.587" level="INFO">Clicking element 'xpath://a[contains(text(),"Login")]'.</msg>
<status status="PASS" starttime="20220317 21:30:01.586" endtime="20220317 21:30:22.818"/>
</kw>
<kw name="Input Text" library="SeleniumLibrary">
<arg>id:username</arg>
<arg>${username}</arg>
<doc>Types the given ``text`` into the text field identified by ``locator``.</doc>
<msg timestamp="20220317 21:30:22.823" level="INFO">Typing text 'user4' into text field 'id:username'.</msg>
<msg timestamp="20220317 21:30:23.025" level="INFO" html="true">&lt;/td&gt;&lt;/tr&gt;&lt;tr&gt;&lt;td colspan="3"&gt;&lt;a href="selenium-screenshot-1.png"&gt;&lt;img src="selenium-screenshot-1.png" width="800px"&gt;&lt;/a&gt;</msg>
<msg timestamp="20220317 21:30:23.359" level="FAIL">Element with locator 'id:username' not found.</msg>
<status status="FAIL" starttime="20220317 21:30:22.820" endtime="20220317 21:30:23.359"/>
</kw>
<kw name="Input Text" library="SeleniumLibrary">
<arg>id:password</arg>
<arg>${password}</arg>
<doc>Types the given ``text`` into the text field identified by ``locator``.</doc>
<status status="NOT RUN" starttime="20220317 21:30:23.360" endtime="20220317 21:30:23.360"/>
</kw>
<kw name="Click Button" library="SeleniumLibrary">
<arg>xpath://button[@type="submit"]</arg>
<doc>Clicks the button identified by ``locator``.</doc>
<status status="NOT RUN" starttime="20220317 21:30:23.360" endtime="20220317 21:30:23.360"/>
</kw>
<kw name="Sleep" library="BuiltIn">
<arg>5 seconds</arg>
<doc>Pauses the test executed for the given time.</doc>
<status status="NOT RUN" starttime="20220317 21:30:23.360" endtime="20220317 21:30:23.360"/>
</kw>
<status status="FAIL" starttime="20220317 21:30:01.582" endtime="20220317 21:30:23.360"/>
</iter>
<status status="FAIL" starttime="20220317 21:29:20.353" endtime="20220317 21:30:23.360"/>
</for>
<status status="FAIL" starttime="20220317 21:28:42.512" endtime="20220317 21:30:23.363">Element with locator 'id:username' not found.</status>
</test>
<status status="FAIL" starttime="20220317 21:28:41.969" endtime="20220317 21:30:23.365"/>
</suite>
<statistics>
<total>
<stat pass="0" fail="1" skip="0">All Tests</stat>
</total>
<tag>
</tag>
<suite>
<stat pass="0" fail="1" skip="0" id="s1" name="TC002">TC002</stat>
</suite>
</statistics>
<errors>
</errors>
</robot>
