<?xml version="1.0" encoding="UTF-8"?>
<robot generator="Robot 4.1.3 (Python 3.7.4 on win32)" generated="20220317 20:13:45.651" rpa="false" schemaversion="2">
<suite id="s1" name="TC003BDD" source="D:\Downloads\WorkSpace\TestCase\LoginTestCase\TC003BDD.robot">
<test id="s1-t1" name="Test Case in BDD">
<kw name="Given Start Browser" library="R001">
<kw name="Open Browser" library="SeleniumLibrary">
<arg>http://thetestingworld.com/testings</arg>
<arg>Chrome</arg>
<doc>Opens a new browser instance to the optional ``url``.</doc>
<msg timestamp="20220317 20:13:45.843" level="INFO">Opening browser 'Chrome' to base url 'http://thetestingworld.com/testings'.</msg>
<status status="PASS" starttime="20220317 20:13:45.843" endtime="20220317 20:13:59.429"/>
</kw>
<kw name="Maximize Browser Window" library="SeleniumLibrary">
<doc>Maximizes current browser window.</doc>
<status status="PASS" starttime="20220317 20:13:59.429" endtime="20220317 20:13:59.591"/>
</kw>
<status status="PASS" starttime="20220317 20:13:45.843" endtime="20220317 20:13:59.593"/>
</kw>
<kw name="When Make New Folders" library="R001">
<arg>try</arg>
<arg>ok</arg>
<kw name="Create Folder" library="KeyWords">
<arg>${folder_name}</arg>
<status status="PASS" starttime="20220317 20:13:59.601" endtime="20220317 20:13:59.642"/>
</kw>
<kw name="Create Sub Folder" library="KeyWords">
<arg>${sub_folder_name}</arg>
<status status="PASS" starttime="20220317 20:13:59.642" endtime="20220317 20:13:59.644"/>
</kw>
<kw name="Log" library="BuiltIn">
<arg>Successfully created folders</arg>
<doc>Logs the given message with the given level.</doc>
<msg timestamp="20220317 20:13:59.644" level="INFO">Successfully created folders</msg>
<status status="PASS" starttime="20220317 20:13:59.644" endtime="20220317 20:13:59.645"/>
</kw>
<status status="PASS" starttime="20220317 20:13:59.597" endtime="20220317 20:13:59.646"/>
</kw>
<kw name="Then Add Two Values" library="R001">
<arg>asif</arg>
<arg>1234</arg>
<kw name="Add Two Value" library="KeyWords">
<var>${result}</var>
<arg>${username}</arg>
<arg>${password}</arg>
<msg timestamp="20220317 20:13:59.649" level="INFO">${result} = asif 1234</msg>
<status status="PASS" starttime="20220317 20:13:59.648" endtime="20220317 20:13:59.649"/>
</kw>
<kw name="Log" library="BuiltIn">
<arg>${result}</arg>
<doc>Logs the given message with the given level.</doc>
<msg timestamp="20220317 20:13:59.650" level="INFO">asif 1234</msg>
<status status="PASS" starttime="20220317 20:13:59.649" endtime="20220317 20:13:59.650"/>
</kw>
<status status="PASS" starttime="20220317 20:13:59.647" endtime="20220317 20:13:59.651"/>
</kw>
<status status="PASS" starttime="20220317 20:13:45.842" endtime="20220317 20:13:59.653"/>
</test>
<status status="PASS" starttime="20220317 20:13:45.652" endtime="20220317 20:13:59.662"/>
</suite>
<statistics>
<total>
<stat pass="1" fail="0" skip="0">All Tests</stat>
</total>
<tag>
</tag>
<suite>
<stat pass="1" fail="0" skip="0" id="s1" name="TC003BDD">TC003BDD</stat>
</suite>
</statistics>
<errors>
</errors>
</robot>
